running egg_info
creating ../../build/servo_motor/servo_motor.egg-info
writing ../../build/servo_motor/servo_motor.egg-info/PKG-INFO
writing dependency_links to ../../build/servo_motor/servo_motor.egg-info/dependency_links.txt
writing entry points to ../../build/servo_motor/servo_motor.egg-info/entry_points.txt
writing requirements to ../../build/servo_motor/servo_motor.egg-info/requires.txt
writing top-level names to ../../build/servo_motor/servo_motor.egg-info/top_level.txt
writing manifest file '../../build/servo_motor/servo_motor.egg-info/SOURCES.txt'
reading manifest file '../../build/servo_motor/servo_motor.egg-info/SOURCES.txt'
adding license file 'LICENSE'
writing manifest file '../../build/servo_motor/servo_motor.egg-info/SOURCES.txt'
running build
running build_py
creating /home/kaikycastro/Desktop/servo_ws/build/servo_motor/build
creating /home/kaikycastro/Desktop/servo_ws/build/servo_motor/build/lib
creating /home/kaikycastro/Desktop/servo_ws/build/servo_motor/build/lib/servo_motor
copying servo_motor/servo_control.py -> /home/kaikycastro/Desktop/servo_ws/build/servo_motor/build/lib/servo_motor
copying servo_motor/__init__.py -> /home/kaikycastro/Desktop/servo_ws/build/servo_motor/build/lib/servo_motor
running install
running install_lib
creating /home/kaikycastro/Desktop/servo_ws/install/servo_motor/lib/python3.10/site-packages/servo_motor
copying /home/kaikycastro/Desktop/servo_ws/build/servo_motor/build/lib/servo_motor/servo_control.py -> /home/kaikycastro/Desktop/servo_ws/install/servo_motor/lib/python3.10/site-packages/servo_motor
copying /home/kaikycastro/Desktop/servo_ws/build/servo_motor/build/lib/servo_motor/__init__.py -> /home/kaikycastro/Desktop/servo_ws/install/servo_motor/lib/python3.10/site-packages/servo_motor
byte-compiling /home/kaikycastro/Desktop/servo_ws/install/servo_motor/lib/python3.10/site-packages/servo_motor/servo_control.py to servo_control.cpython-310.pyc
byte-compiling /home/kaikycastro/Desktop/servo_ws/install/servo_motor/lib/python3.10/site-packages/servo_motor/__init__.py to __init__.cpython-310.pyc
running install_data
creating /home/kaikycastro/Desktop/servo_ws/install/servo_motor/share/ament_index
creating /home/kaikycastro/Desktop/servo_ws/install/servo_motor/share/ament_index/resource_index
creating /home/kaikycastro/Desktop/servo_ws/install/servo_motor/share/ament_index/resource_index/packages
copying resource/servo_motor -> /home/kaikycastro/Desktop/servo_ws/install/servo_motor/share/ament_index/resource_index/packages
copying package.xml -> /home/kaikycastro/Desktop/servo_ws/install/servo_motor/share/servo_motor
running install_egg_info
Copying ../../build/servo_motor/servo_motor.egg-info to /home/kaikycastro/Desktop/servo_ws/install/servo_motor/lib/python3.10/site-packages/servo_motor-0.0.0-py3.10.egg-info
running install_scripts
writing list of installed files to '/home/kaikycastro/Desktop/servo_ws/build/servo_motor/install.log'
