[0.411s] Invoking command in '/home/kaikycastro/Desktop/servo_ws/src/servo_motor': PYTHONPATH=/home/kaikycastro/Desktop/servo_ws/build/servo_motor/prefix_override:/usr/lib/python3/dist-packages/colcon_core/task/python/colcon_distutils_commands:/home/kaikycastro/Desktop/servo_ws/install/servo_motor/lib/python3.10/site-packages:${PYTHONPATH} /usr/bin/python3 -W ignore:setup.py install is deprecated -W ignore:easy_install command is deprecated setup.py egg_info --egg-base ../../build/servo_motor build --build-base /home/kaikycastro/Desktop/servo_ws/build/servo_motor/build install --record /home/kaikycastro/Desktop/servo_ws/build/servo_motor/install.log --single-version-externally-managed install_data
[0.554s] running egg_info
[0.555s] writing ../../build/servo_motor/servo_motor.egg-info/PKG-INFO
[0.555s] writing dependency_links to ../../build/servo_motor/servo_motor.egg-info/dependency_links.txt
[0.555s] writing entry points to ../../build/servo_motor/servo_motor.egg-info/entry_points.txt
[0.555s] writing requirements to ../../build/servo_motor/servo_motor.egg-info/requires.txt
[0.555s] writing top-level names to ../../build/servo_motor/servo_motor.egg-info/top_level.txt
[0.556s] reading manifest file '../../build/servo_motor/servo_motor.egg-info/SOURCES.txt'
[0.556s] adding license file 'LICENSE'
[0.557s] writing manifest file '../../build/servo_motor/servo_motor.egg-info/SOURCES.txt'
[0.557s] running build
[0.557s] running build_py
[0.557s] running install
[0.558s] running install_lib
[0.558s] running install_data
[0.559s] running install_egg_info
[0.561s] removing '/home/kaikycastro/Desktop/servo_ws/install/servo_motor/lib/python3.10/site-packages/servo_motor-0.0.0-py3.10.egg-info' (and everything under it)
[0.561s] Copying ../../build/servo_motor/servo_motor.egg-info to /home/kaikycastro/Desktop/servo_ws/install/servo_motor/lib/python3.10/site-packages/servo_motor-0.0.0-py3.10.egg-info
[0.562s] running install_scripts
[0.573s] Installing servo_control script to /home/kaikycastro/Desktop/servo_ws/install/servo_motor/lib/servo_motor
[0.574s] writing list of installed files to '/home/kaikycastro/Desktop/servo_ws/build/servo_motor/install.log'
[0.587s] Invoked command in '/home/kaikycastro/Desktop/servo_ws/src/servo_motor' returned '0': PYTHONPATH=/home/kaikycastro/Desktop/servo_ws/build/servo_motor/prefix_override:/usr/lib/python3/dist-packages/colcon_core/task/python/colcon_distutils_commands:/home/kaikycastro/Desktop/servo_ws/install/servo_motor/lib/python3.10/site-packages:${PYTHONPATH} /usr/bin/python3 -W ignore:setup.py install is deprecated -W ignore:easy_install command is deprecated setup.py egg_info --egg-base ../../build/servo_motor build --build-base /home/kaikycastro/Desktop/servo_ws/build/servo_motor/build install --record /home/kaikycastro/Desktop/servo_ws/build/servo_motor/install.log --single-version-externally-managed install_data
